<?xml version="1.0" encoding="UTF-8"?>
<testng-results skipped="0" failed="0" ignored="0" total="1" passed="1">
  <reporter-output>
  </reporter-output>
  <suite name="Default suite" duration-ms="2693" started-at="2021-02-15T14:10:45 EST" finished-at="2021-02-15T14:10:48 EST">
    <groups>
    </groups>
    <test name="Default test" duration-ms="2693" started-at="2021-02-15T14:10:45 EST" finished-at="2021-02-15T14:10:48 EST">
      <class name="NMgetReads">
        <test-method status="PASS" signature="test_03_assertions()[pri:0, instance:NMgetReads@4973813a]" name="test_03_assertions" duration-ms="2664" started-at="2021-02-15T14:10:45 EST" finished-at="2021-02-15T14:10:48 EST">
          <reporter-output>
          </reporter-output>
        </test-method> <!-- test_03_assertions -->
      </class> <!-- NMgetReads -->
    </test> <!-- Default test -->
  </suite> <!-- Default suite -->
</testng-results>
